Determining if the pthread_create exist failed with the following output:
Change Dir: /home/branko/catkin_ws/src/turtle_lawnmower/build/CMakeFiles/CMakeTmp

Run Build Command:"/usr/bin/make" "cmTC_059ff/fast"
/usr/bin/make -f CMakeFiles/cmTC_059ff.dir/build.make CMakeFiles/cmTC_059ff.dir/build
make[1]: Entering directory '/home/branko/catkin_ws/src/turtle_lawnmower/build/CMakeFiles/CMakeTmp'
Building C object CMakeFiles/cmTC_059ff.dir/CheckSymbolExists.c.o
/usr/bin/cc     -o CMakeFiles/cmTC_059ff.dir/CheckSymbolExists.c.o   -c /home/branko/catkin_ws/src/turtle_lawnmower/build/CMakeFiles/CMakeTmp/CheckSymbolExists.c
Linking C executable cmTC_059ff
/usr/bin/cmake -E cmake_link_script CMakeFiles/cmTC_059ff.dir/link.txt --verbose=1
/usr/bin/cc       CMakeFiles/cmTC_059ff.dir/CheckSymbolExists.c.o  -o cmTC_059ff -rdynamic 
CMakeFiles/cmTC_059ff.dir/CheckSymbolExists.c.o: In function `main':
CheckSymbolExists.c:(.text+0x16): undefined reference to `pthread_create'
collect2: error: ld returned 1 exit status
CMakeFiles/cmTC_059ff.dir/build.make:97: recipe for target 'cmTC_059ff' failed
make[1]: *** [cmTC_059ff] Error 1
make[1]: Leaving directory '/home/branko/catkin_ws/src/turtle_lawnmower/build/CMakeFiles/CMakeTmp'
Makefile:126: recipe for target 'cmTC_059ff/fast' failed
make: *** [cmTC_059ff/fast] Error 2

File /home/branko/catkin_ws/src/turtle_lawnmower/build/CMakeFiles/CMakeTmp/CheckSymbolExists.c:
/* */
#include <pthread.h>

int main(int argc, char** argv)
{
  (void)argv;
#ifndef pthread_create
  return ((int*)(&pthread_create))[argc];
#else
  (void)argc;
  return 0;
#endif
}

Determining if the function pthread_create exists in the pthreads failed with the following output:
Change Dir: /home/branko/catkin_ws/src/turtle_lawnmower/build/CMakeFiles/CMakeTmp

Run Build Command:"/usr/bin/make" "cmTC_bac0b/fast"
/usr/bin/make -f CMakeFiles/cmTC_bac0b.dir/build.make CMakeFiles/cmTC_bac0b.dir/build
make[1]: Entering directory '/home/branko/catkin_ws/src/turtle_lawnmower/build/CMakeFiles/CMakeTmp'
Building C object CMakeFiles/cmTC_bac0b.dir/CheckFunctionExists.c.o
/usr/bin/cc    -DCHECK_FUNCTION_EXISTS=pthread_create   -o CMakeFiles/cmTC_bac0b.dir/CheckFunctionExists.c.o   -c /usr/share/cmake-3.5/Modules/CheckFunctionExists.c
Linking C executable cmTC_bac0b
/usr/bin/cmake -E cmake_link_script CMakeFiles/cmTC_bac0b.dir/link.txt --verbose=1
/usr/bin/cc   -DCHECK_FUNCTION_EXISTS=pthread_create    CMakeFiles/cmTC_bac0b.dir/CheckFunctionExists.c.o  -o cmTC_bac0b -rdynamic -lpthreads 
/usr/bin/ld: cannot find -lpthreads
collect2: error: ld returned 1 exit status
CMakeFiles/cmTC_bac0b.dir/build.make:97: recipe for target 'cmTC_bac0b' failed
make[1]: *** [cmTC_bac0b] Error 1
make[1]: Leaving directory '/home/branko/catkin_ws/src/turtle_lawnmower/build/CMakeFiles/CMakeTmp'
Makefile:126: recipe for target 'cmTC_bac0b/fast' failed
make: *** [cmTC_bac0b/fast] Error 2


