Determining if the pthread_create exist failed with the following output:
Change Dir: /home/branko/catkin_ws/build/CMakeFiles/CMakeTmp

Run Build Command:"/usr/bin/make" "cmTC_9f952/fast"
/usr/bin/make -f CMakeFiles/cmTC_9f952.dir/build.make CMakeFiles/cmTC_9f952.dir/build
make[1]: Entering directory '/home/branko/catkin_ws/build/CMakeFiles/CMakeTmp'
Building C object CMakeFiles/cmTC_9f952.dir/CheckSymbolExists.c.o
/usr/bin/cc     -o CMakeFiles/cmTC_9f952.dir/CheckSymbolExists.c.o   -c /home/branko/catkin_ws/build/CMakeFiles/CMakeTmp/CheckSymbolExists.c
Linking C executable cmTC_9f952
/usr/bin/cmake -E cmake_link_script CMakeFiles/cmTC_9f952.dir/link.txt --verbose=1
/usr/bin/cc       CMakeFiles/cmTC_9f952.dir/CheckSymbolExists.c.o  -o cmTC_9f952 -rdynamic 
CMakeFiles/cmTC_9f952.dir/CheckSymbolExists.c.o: In function `main':
CheckSymbolExists.c:(.text+0x16): undefined reference to `pthread_create'
collect2: error: ld returned 1 exit status
CMakeFiles/cmTC_9f952.dir/build.make:97: recipe for target 'cmTC_9f952' failed
make[1]: *** [cmTC_9f952] Error 1
make[1]: Leaving directory '/home/branko/catkin_ws/build/CMakeFiles/CMakeTmp'
Makefile:126: recipe for target 'cmTC_9f952/fast' failed
make: *** [cmTC_9f952/fast] Error 2

File /home/branko/catkin_ws/build/CMakeFiles/CMakeTmp/CheckSymbolExists.c:
/* */
#include <pthread.h>

int main(int argc, char** argv)
{
  (void)argv;
#ifndef pthread_create
  return ((int*)(&pthread_create))[argc];
#else
  (void)argc;
  return 0;
#endif
}

Determining if the function pthread_create exists in the pthreads failed with the following output:
Change Dir: /home/branko/catkin_ws/build/CMakeFiles/CMakeTmp

Run Build Command:"/usr/bin/make" "cmTC_7b51d/fast"
/usr/bin/make -f CMakeFiles/cmTC_7b51d.dir/build.make CMakeFiles/cmTC_7b51d.dir/build
make[1]: Entering directory '/home/branko/catkin_ws/build/CMakeFiles/CMakeTmp'
Building C object CMakeFiles/cmTC_7b51d.dir/CheckFunctionExists.c.o
/usr/bin/cc    -DCHECK_FUNCTION_EXISTS=pthread_create   -o CMakeFiles/cmTC_7b51d.dir/CheckFunctionExists.c.o   -c /usr/share/cmake-3.5/Modules/CheckFunctionExists.c
Linking C executable cmTC_7b51d
/usr/bin/cmake -E cmake_link_script CMakeFiles/cmTC_7b51d.dir/link.txt --verbose=1
/usr/bin/cc   -DCHECK_FUNCTION_EXISTS=pthread_create    CMakeFiles/cmTC_7b51d.dir/CheckFunctionExists.c.o  -o cmTC_7b51d -rdynamic -lpthreads 
/usr/bin/ld: cannot find -lpthreads
collect2: error: ld returned 1 exit status
CMakeFiles/cmTC_7b51d.dir/build.make:97: recipe for target 'cmTC_7b51d' failed
make[1]: *** [cmTC_7b51d] Error 1
make[1]: Leaving directory '/home/branko/catkin_ws/build/CMakeFiles/CMakeTmp'
Makefile:126: recipe for target 'cmTC_7b51d/fast' failed
make: *** [cmTC_7b51d/fast] Error 2


Determining if the Q_WS_WIN exist failed with the following output:
Change Dir: /home/branko/catkin_ws/build/CMakeFiles/CMakeTmp

Run Build Command:"/usr/bin/make" "cmTC_ebb90/fast"
make[1]: Entering directory '/home/branko/catkin_ws/build/CMakeFiles/CMakeTmp'
/usr/bin/make -f CMakeFiles/cmTC_ebb90.dir/build.make CMakeFiles/cmTC_ebb90.dir/build
make[2]: Entering directory '/home/branko/catkin_ws/build/CMakeFiles/CMakeTmp'
Building CXX object CMakeFiles/cmTC_ebb90.dir/CheckSymbolExists.cxx.o
/usr/bin/c++    -I/usr/include/qt4   -o CMakeFiles/cmTC_ebb90.dir/CheckSymbolExists.cxx.o -c /home/branko/catkin_ws/build/CMakeFiles/CMakeTmp/CheckSymbolExists.cxx
/home/branko/catkin_ws/build/CMakeFiles/CMakeTmp/CheckSymbolExists.cxx: In function ‘int main(int, char**)’:
/home/branko/catkin_ws/build/CMakeFiles/CMakeTmp/CheckSymbolExists.cxx:8:19: error: ‘Q_WS_WIN’ was not declared in this scope
   return ((int*)(&Q_WS_WIN))[argc];
                   ^
CMakeFiles/cmTC_ebb90.dir/build.make:65: recipe for target 'CMakeFiles/cmTC_ebb90.dir/CheckSymbolExists.cxx.o' failed
make[2]: *** [CMakeFiles/cmTC_ebb90.dir/CheckSymbolExists.cxx.o] Error 1
make[2]: Leaving directory '/home/branko/catkin_ws/build/CMakeFiles/CMakeTmp'
Makefile:126: recipe for target 'cmTC_ebb90/fast' failed
make[1]: *** [cmTC_ebb90/fast] Error 2
make[1]: Leaving directory '/home/branko/catkin_ws/build/CMakeFiles/CMakeTmp'

File /home/branko/catkin_ws/build/CMakeFiles/CMakeTmp/CheckSymbolExists.cxx:
/* */
#include <QtCore/qglobal.h>

int main(int argc, char** argv)
{
  (void)argv;
#ifndef Q_WS_WIN
  return ((int*)(&Q_WS_WIN))[argc];
#else
  (void)argc;
  return 0;
#endif
}

Determining if the Q_WS_QWS exist failed with the following output:
Change Dir: /home/branko/catkin_ws/build/CMakeFiles/CMakeTmp

Run Build Command:"/usr/bin/make" "cmTC_7abe4/fast"
make[1]: Entering directory '/home/branko/catkin_ws/build/CMakeFiles/CMakeTmp'
/usr/bin/make -f CMakeFiles/cmTC_7abe4.dir/build.make CMakeFiles/cmTC_7abe4.dir/build
make[2]: Entering directory '/home/branko/catkin_ws/build/CMakeFiles/CMakeTmp'
Building CXX object CMakeFiles/cmTC_7abe4.dir/CheckSymbolExists.cxx.o
/usr/bin/c++    -I/usr/include/qt4   -o CMakeFiles/cmTC_7abe4.dir/CheckSymbolExists.cxx.o -c /home/branko/catkin_ws/build/CMakeFiles/CMakeTmp/CheckSymbolExists.cxx
/home/branko/catkin_ws/build/CMakeFiles/CMakeTmp/CheckSymbolExists.cxx: In function ‘int main(int, char**)’:
/home/branko/catkin_ws/build/CMakeFiles/CMakeTmp/CheckSymbolExists.cxx:8:19: error: ‘Q_WS_QWS’ was not declared in this scope
   return ((int*)(&Q_WS_QWS))[argc];
                   ^
CMakeFiles/cmTC_7abe4.dir/build.make:65: recipe for target 'CMakeFiles/cmTC_7abe4.dir/CheckSymbolExists.cxx.o' failed
make[2]: *** [CMakeFiles/cmTC_7abe4.dir/CheckSymbolExists.cxx.o] Error 1
make[2]: Leaving directory '/home/branko/catkin_ws/build/CMakeFiles/CMakeTmp'
Makefile:126: recipe for target 'cmTC_7abe4/fast' failed
make[1]: *** [cmTC_7abe4/fast] Error 2
make[1]: Leaving directory '/home/branko/catkin_ws/build/CMakeFiles/CMakeTmp'

File /home/branko/catkin_ws/build/CMakeFiles/CMakeTmp/CheckSymbolExists.cxx:
/* */
#include <QtCore/qglobal.h>

int main(int argc, char** argv)
{
  (void)argv;
#ifndef Q_WS_QWS
  return ((int*)(&Q_WS_QWS))[argc];
#else
  (void)argc;
  return 0;
#endif
}

Determining if the Q_WS_MAC exist failed with the following output:
Change Dir: /home/branko/catkin_ws/build/CMakeFiles/CMakeTmp

Run Build Command:"/usr/bin/make" "cmTC_522a8/fast"
make[1]: Entering directory '/home/branko/catkin_ws/build/CMakeFiles/CMakeTmp'
/usr/bin/make -f CMakeFiles/cmTC_522a8.dir/build.make CMakeFiles/cmTC_522a8.dir/build
make[2]: Entering directory '/home/branko/catkin_ws/build/CMakeFiles/CMakeTmp'
Building CXX object CMakeFiles/cmTC_522a8.dir/CheckSymbolExists.cxx.o
/usr/bin/c++    -I/usr/include/qt4   -o CMakeFiles/cmTC_522a8.dir/CheckSymbolExists.cxx.o -c /home/branko/catkin_ws/build/CMakeFiles/CMakeTmp/CheckSymbolExists.cxx
/home/branko/catkin_ws/build/CMakeFiles/CMakeTmp/CheckSymbolExists.cxx: In function ‘int main(int, char**)’:
/home/branko/catkin_ws/build/CMakeFiles/CMakeTmp/CheckSymbolExists.cxx:8:19: error: ‘Q_WS_MAC’ was not declared in this scope
   return ((int*)(&Q_WS_MAC))[argc];
                   ^
CMakeFiles/cmTC_522a8.dir/build.make:65: recipe for target 'CMakeFiles/cmTC_522a8.dir/CheckSymbolExists.cxx.o' failed
make[2]: *** [CMakeFiles/cmTC_522a8.dir/CheckSymbolExists.cxx.o] Error 1
make[2]: Leaving directory '/home/branko/catkin_ws/build/CMakeFiles/CMakeTmp'
Makefile:126: recipe for target 'cmTC_522a8/fast' failed
make[1]: *** [cmTC_522a8/fast] Error 2
make[1]: Leaving directory '/home/branko/catkin_ws/build/CMakeFiles/CMakeTmp'

File /home/branko/catkin_ws/build/CMakeFiles/CMakeTmp/CheckSymbolExists.cxx:
/* */
#include <QtCore/qglobal.h>

int main(int argc, char** argv)
{
  (void)argv;
#ifndef Q_WS_MAC
  return ((int*)(&Q_WS_MAC))[argc];
#else
  (void)argc;
  return 0;
#endif
}

